<?xml version="1.0" encoding="UTF-8"?>
<!-- Generated by org.testng.reporters.JUnitXMLReporter -->
<testsuite hostname="saisish-HP" ignored="0" name="Test" tests="4" failures="0" timestamp="2020-07-25T13:27:04 IST" time="0.071" errors="0">
  <testcase name="AndroidApps" time="0.009" classname="Project1.AppiumTest"/>
  <testcase name="IOsApps" time="0.0" classname="Project1.AppiumTest"/>
  <testcase name="BrowserAutomation" time="0.0" classname="Project1.SeleniumTest"/>
  <testcase name="ElementsUI" time="0.0" classname="Project1.SeleniumTest"/>
</testsuite> <!-- Test -->
