<?xml version="1.0" encoding="UTF-8"?>
<testng-results skipped="0" failed="0" ignored="0" total="2" passed="2">
  <reporter-output>
  </reporter-output>
  <suite name="Surefire suite" duration-ms="69" started-at="2020-07-25T13:31:29 IST" finished-at="2020-07-25T13:31:29 IST">
    <groups>
    </groups>
    <test name="Surefire test" duration-ms="69" started-at="2020-07-25T13:31:29 IST" finished-at="2020-07-25T13:31:29 IST">
      <class name="Project1.RestAPITest">
        <test-method status="PASS" signature="DeleteTwiter()[pri:0, instance:Project1.RestAPITest@3a5ed7a6]" name="DeleteTwiter" duration-ms="9" started-at="2020-07-25T13:31:29 IST" finished-at="2020-07-25T13:31:29 IST">
          <reporter-output>
          </reporter-output>
        </test-method> <!-- DeleteTwiter -->
        <test-method status="PASS" signature="PostJira()[pri:0, instance:Project1.RestAPITest@3a5ed7a6]" name="PostJira" duration-ms="0" started-at="2020-07-25T13:31:29 IST" finished-at="2020-07-25T13:31:29 IST">
          <reporter-output>
          </reporter-output>
        </test-method> <!-- PostJira -->
      </class> <!-- Project1.RestAPITest -->
    </test> <!-- Surefire test -->
  </suite> <!-- Surefire suite -->
</testng-results>
